<?xml version="1.0" encoding="UTF-8"?>
<testng-results ignored="0" total="8" passed="6" failed="2" skipped="0">
  <reporter-output>
  </reporter-output>
  <suite started-at="2021-10-20T22:25:20 IST" name="Suite" finished-at="2021-10-20T22:30:13 IST" duration-ms="293005">
    <groups>
    </groups>
    <test started-at="2021-10-20T22:25:20 IST" name="Test" finished-at="2021-10-20T22:30:13 IST" duration-ms="293005">
      <class name="Qualicoach1.Automation1.VerifyLogin">
        <test-method signature="firstTest(java.lang.String,java.lang.String)[pri:0, instance:Qualicoach1.Automation1.VerifyLogin@6ac13091]" started-at="2021-10-20T22:29:43 IST" name="firstTest" data-provider="getData" finished-at="2021-10-20T22:29:58 IST" duration-ms="14546" status="PASS">
          <params>
            <param index="0">
              <value>
                <![CDATA[admin73]]>
              </value>
            </param>
            <param index="1">
              <value>
                <![CDATA[Admin@6100]]>
              </value>
            </param>
          </params>
          <reporter-output>
          </reporter-output>
        </test-method> <!-- firstTest -->
        <test-method signature="firstTest(java.lang.String,java.lang.String)[pri:0, instance:Qualicoach1.Automation1.VerifyLogin@6ac13091]" started-at="2021-10-20T22:29:58 IST" name="firstTest" data-provider="getData" finished-at="2021-10-20T22:30:13 IST" duration-ms="15416" status="PASS">
          <params>
            <param index="0">
              <value>
                <![CDATA[Admin7345]]>
              </value>
            </param>
            <param index="1">
              <value>
                <![CDATA[Admin@6100]]>
              </value>
            </param>
          </params>
          <reporter-output>
          </reporter-output>
        </test-method> <!-- firstTest -->
      </class> <!-- Qualicoach1.Automation1.VerifyLogin -->
      <class name="Qualicoach1.Automation1.verifyDownload">
        <test-method signature="DownloadTest()[pri:0, instance:Qualicoach1.Automation1.verifyDownload@7ee955a8]" started-at="2021-10-20T22:28:20 IST" name="DownloadTest" finished-at="2021-10-20T22:29:31 IST" duration-ms="70927" status="PASS">
          <reporter-output>
          </reporter-output>
        </test-method> <!-- DownloadTest -->
      </class> <!-- Qualicoach1.Automation1.verifyDownload -->
      <class name="Qualicoach1.Automation1.VerifyEnroll">
        <test-method signature="AddUserTest()[pri:0, instance:Qualicoach1.Automation1.VerifyEnroll@3c9d0b9d]" started-at="2021-10-20T22:25:20 IST" name="AddUserTest" finished-at="2021-10-20T22:25:45 IST" duration-ms="24187" status="FAIL">
          <exception class="java.io.FileNotFoundException">
            <message>
              <![CDATA[/Users/aumapathi/eclipse-workspace/Automation1/src/main/java/Resources/input.properties (No such file or directory)]]>
            </message>
            <full-stacktrace>
              <![CDATA[java.io.FileNotFoundException: /Users/aumapathi/eclipse-workspace/Automation1/src/main/java/Resources/input.properties (No such file or directory)
at java.base/java.io.FileInputStream.open0(Native Method)
at java.base/java.io.FileInputStream.open(FileInputStream.java:211)
at java.base/java.io.FileInputStream.<init>(FileInputStream.java:153)
at java.base/java.io.FileInputStream.<init>(FileInputStream.java:108)
at Qualicoach1.Automation1.UserEnroll.getUserEnroll(UserEnroll.java:38)
at Qualicoach1.Automation1.VerifyEnroll.AddUserTest(VerifyEnroll.java:18)
at java.base/jdk.internal.reflect.NativeMethodAccessorImpl.invoke0(Native Method)
at java.base/jdk.internal.reflect.NativeMethodAccessorImpl.invoke(NativeMethodAccessorImpl.java:78)
at java.base/jdk.internal.reflect.DelegatingMethodAccessorImpl.invoke(DelegatingMethodAccessorImpl.java:43)
at java.base/java.lang.reflect.Method.invoke(Method.java:567)
at org.testng.internal.MethodInvocationHelper.invokeMethod(MethodInvocationHelper.java:133)
at org.testng.internal.TestInvoker.invokeMethod(TestInvoker.java:598)
at org.testng.internal.TestInvoker.invokeTestMethod(TestInvoker.java:173)
at org.testng.internal.MethodRunner.runInSequence(MethodRunner.java:46)
at org.testng.internal.TestInvoker$MethodInvocationAgent.invoke(TestInvoker.java:824)
at org.testng.internal.TestInvoker.invokeTestMethods(TestInvoker.java:146)
at org.testng.internal.TestMethodWorker.invokeTestMethods(TestMethodWorker.java:146)
at org.testng.internal.TestMethodWorker.run(TestMethodWorker.java:128)
at java.base/java.util.ArrayList.forEach(ArrayList.java:1511)
at org.testng.TestRunner.privateRun(TestRunner.java:794)
at org.testng.TestRunner.run(TestRunner.java:596)
at org.testng.SuiteRunner.runTest(SuiteRunner.java:377)
at org.testng.SuiteRunner.runSequentially(SuiteRunner.java:371)
at org.testng.SuiteRunner.privateRun(SuiteRunner.java:332)
at org.testng.SuiteRunner.run(SuiteRunner.java:276)
at org.testng.SuiteRunnerWorker.runSuite(SuiteRunnerWorker.java:53)
at org.testng.SuiteRunnerWorker.run(SuiteRunnerWorker.java:96)
at org.testng.TestNG.runSuitesSequentially(TestNG.java:1212)
at org.testng.TestNG.runSuitesLocally(TestNG.java:1134)
at org.testng.TestNG.runSuites(TestNG.java:1063)
at org.testng.TestNG.run(TestNG.java:1031)
at org.testng.remote.AbstractRemoteTestNG.run(AbstractRemoteTestNG.java:115)
at org.testng.remote.RemoteTestNG.initAndRun(RemoteTestNG.java:251)
at org.testng.remote.RemoteTestNG.main(RemoteTestNG.java:77)
]]>
            </full-stacktrace>
          </exception> <!-- java.io.FileNotFoundException -->
          <reporter-output>
          </reporter-output>
        </test-method> <!-- AddUserTest -->
      </class> <!-- Qualicoach1.Automation1.VerifyEnroll -->
      <class name="Qualicoach1.Automation1.VerifyEditUser">
        <test-method signature="EditUserTest()[pri:0, instance:Qualicoach1.Automation1.VerifyEditUser@12e61fe6]" started-at="2021-10-20T22:27:03 IST" name="EditUserTest" finished-at="2021-10-20T22:28:20 IST" duration-ms="76240" status="PASS">
          <reporter-output>
          </reporter-output>
        </test-method> <!-- EditUserTest -->
      </class> <!-- Qualicoach1.Automation1.VerifyEditUser -->
      <class name="Qualicoach1.Automation1.VerifyDeleteUser">
        <test-method signature="VerifyDeleteTest()[pri:0, instance:Qualicoach1.Automation1.VerifyDeleteUser@7c469c48]" started-at="2021-10-20T22:25:45 IST" name="VerifyDeleteTest" finished-at="2021-10-20T22:27:03 IST" duration-ms="78895" status="PASS">
          <reporter-output>
          </reporter-output>
        </test-method> <!-- VerifyDeleteTest -->
      </class> <!-- Qualicoach1.Automation1.VerifyDeleteUser -->
      <class name="Qualicoach1.Automation1.VerifyCourse">
        <test-method signature="VerifyUserTest()[pri:0, instance:Qualicoach1.Automation1.VerifyCourse@1677d1]" started-at="2021-10-20T22:29:31 IST" name="VerifyUserTest" finished-at="2021-10-20T22:29:43 IST" duration-ms="12713" status="FAIL">
          <exception class="java.io.FileNotFoundException">
            <message>
              <![CDATA[/Users/aumapathi/eclipse-workspace/Automation1/src/main/java/Resources/input.properties (No such file or directory)]]>
            </message>
            <full-stacktrace>
              <![CDATA[java.io.FileNotFoundException: /Users/aumapathi/eclipse-workspace/Automation1/src/main/java/Resources/input.properties (No such file or directory)
at java.base/java.io.FileInputStream.open0(Native Method)
at java.base/java.io.FileInputStream.open(FileInputStream.java:211)
at java.base/java.io.FileInputStream.<init>(FileInputStream.java:153)
at java.base/java.io.FileInputStream.<init>(FileInputStream.java:108)
at Qualicoach1.Automation1.CreateCourse.getCreateCours(CreateCourse.java:29)
at Qualicoach1.Automation1.VerifyCourse.VerifyUserTest(VerifyCourse.java:17)
at java.base/jdk.internal.reflect.NativeMethodAccessorImpl.invoke0(Native Method)
at java.base/jdk.internal.reflect.NativeMethodAccessorImpl.invoke(NativeMethodAccessorImpl.java:78)
at java.base/jdk.internal.reflect.DelegatingMethodAccessorImpl.invoke(DelegatingMethodAccessorImpl.java:43)
at java.base/java.lang.reflect.Method.invoke(Method.java:567)
at org.testng.internal.MethodInvocationHelper.invokeMethod(MethodInvocationHelper.java:133)
at org.testng.internal.TestInvoker.invokeMethod(TestInvoker.java:598)
at org.testng.internal.TestInvoker.invokeTestMethod(TestInvoker.java:173)
at org.testng.internal.MethodRunner.runInSequence(MethodRunner.java:46)
at org.testng.internal.TestInvoker$MethodInvocationAgent.invoke(TestInvoker.java:824)
at org.testng.internal.TestInvoker.invokeTestMethods(TestInvoker.java:146)
at org.testng.internal.TestMethodWorker.invokeTestMethods(TestMethodWorker.java:146)
at org.testng.internal.TestMethodWorker.run(TestMethodWorker.java:128)
at java.base/java.util.ArrayList.forEach(ArrayList.java:1511)
at org.testng.TestRunner.privateRun(TestRunner.java:794)
at org.testng.TestRunner.run(TestRunner.java:596)
at org.testng.SuiteRunner.runTest(SuiteRunner.java:377)
at org.testng.SuiteRunner.runSequentially(SuiteRunner.java:371)
at org.testng.SuiteRunner.privateRun(SuiteRunner.java:332)
at org.testng.SuiteRunner.run(SuiteRunner.java:276)
at org.testng.SuiteRunnerWorker.runSuite(SuiteRunnerWorker.java:53)
at org.testng.SuiteRunnerWorker.run(SuiteRunnerWorker.java:96)
at org.testng.TestNG.runSuitesSequentially(TestNG.java:1212)
at org.testng.TestNG.runSuitesLocally(TestNG.java:1134)
at org.testng.TestNG.runSuites(TestNG.java:1063)
at org.testng.TestNG.run(TestNG.java:1031)
at org.testng.remote.AbstractRemoteTestNG.run(AbstractRemoteTestNG.java:115)
at org.testng.remote.RemoteTestNG.initAndRun(RemoteTestNG.java:251)
at org.testng.remote.RemoteTestNG.main(RemoteTestNG.java:77)
]]>
            </full-stacktrace>
          </exception> <!-- java.io.FileNotFoundException -->
          <reporter-output>
          </reporter-output>
        </test-method> <!-- VerifyUserTest -->
      </class> <!-- Qualicoach1.Automation1.VerifyCourse -->
      <class name="Qualicoach1.Automation1.AppTest">
        <test-method signature="shouldAnswerWithTrue()[pri:0, instance:Qualicoach1.Automation1.AppTest@48fa0f47]" started-at="2021-10-20T22:29:43 IST" name="shouldAnswerWithTrue" finished-at="2021-10-20T22:29:43 IST" duration-ms="3" status="PASS">
          <reporter-output>
          </reporter-output>
        </test-method> <!-- shouldAnswerWithTrue -->
      </class> <!-- Qualicoach1.Automation1.AppTest -->
    </test> <!-- Test -->
  </suite> <!-- Suite -->
</testng-results>
